<?xml version="1.0" encoding="UTF-8"?>
<testsuite name="Generic test cases"
           tests="2"
           failures="1"
           errors="0"
           skipped="1"
           time="14.979">
  <properties />
            <testcase name="beforeTest" time="14.979" classname="GenericTest.LoginIRT">
                <failure type="org.openqa.selenium.SessionNotCreatedException"
                  message="session not created
from chrome not reachable
  (Session info: chrome=79.0.3945.88)
Build info: version: &apos;4.0.0-alpha-3&apos;, revision: &apos;8c567de6dc&apos;
System info: host: &apos;DESKTOP-VE18G7S&apos;, ip: &apos;192.168.43.22&apos;, os.name: &apos;Windows 10&apos;, os.arch: &apos;amd64&apos;, os.version: &apos;10.0&apos;, java.version: &apos;1.8.0_221&apos;
Driver info: driver.version: ChromeDriver
remote stacktrace: Backtrace:
	Ordinal0 [0x002EA113+1548563]
	Ordinal0 [0x0026DDA1+1039777]
	Ordinal0 [0x001EE32E+516910]
	Ordinal0 [0x001E8012+491538]
	Ordinal0 [0x001E86EB+493291]
	Ordinal0 [0x001E9855+497749]
	Ordinal0 [0x001E5885+481413]
	Ordinal0 [0x001EF0D0+520400]
	Ordinal0 [0x0019C030+180272]
	Ordinal0 [0x0019B59D+177565]
	Ordinal0 [0x001995FB+169467]
	Ordinal0 [0x0018160A+71178]
	Ordinal0 [0x00182690+75408]
	Ordinal0 [0x00182629+75305]
	Ordinal0 [0x002871B7+1143223]
	GetHandleVerifier [0x00382B46+507814]
	GetHandleVerifier [0x00382864+507076]
	GetHandleVerifier [0x00389F47+537511]
	GetHandleVerifier [0x00383402+510050]
	Ordinal0 [0x0027F29C+1110684]
	Ordinal0 [0x0028938B+1151883]
	Ordinal0 [0x002894F3+1152243]
	Ordinal0 [0x002883F5+1147893]
	BaseThreadInitThunk [0x74A16359+25]
	RtlGetAppContainerNamedObjectPath [0x77157B74+228]
	RtlGetAppContainerNamedObjectPath [0x77157B44+180]
"
              >
<![CDATA[org.openqa.selenium.SessionNotCreatedException: session not created
from chrome not reachable
  (Session info: chrome=79.0.3945.88)
Build info: version: '4.0.0-alpha-3', revision: '8c567de6dc'
System info: host: 'DESKTOP-VE18G7S', ip: '192.168.43.22', os.name: 'Windows 10', os.arch: 'amd64', os.version: '10.0', java.version: '1.8.0_221'
Driver info: driver.version: ChromeDriver
remote stacktrace: Backtrace:
	Ordinal0 [0x002EA113+1548563]
	Ordinal0 [0x0026DDA1+1039777]
	Ordinal0 [0x001EE32E+516910]
	Ordinal0 [0x001E8012+491538]
	Ordinal0 [0x001E86EB+493291]
	Ordinal0 [0x001E9855+497749]
	Ordinal0 [0x001E5885+481413]
	Ordinal0 [0x001EF0D0+520400]
	Ordinal0 [0x0019C030+180272]
	Ordinal0 [0x0019B59D+177565]
	Ordinal0 [0x001995FB+169467]
	Ordinal0 [0x0018160A+71178]
	Ordinal0 [0x00182690+75408]
	Ordinal0 [0x00182629+75305]
	Ordinal0 [0x002871B7+1143223]
	GetHandleVerifier [0x00382B46+507814]
	GetHandleVerifier [0x00382864+507076]
	GetHandleVerifier [0x00389F47+537511]
	GetHandleVerifier [0x00383402+510050]
	Ordinal0 [0x0027F29C+1110684]
	Ordinal0 [0x0028938B+1151883]
	Ordinal0 [0x002894F3+1152243]
	Ordinal0 [0x002883F5+1147893]
	BaseThreadInitThunk [0x74A16359+25]
	RtlGetAppContainerNamedObjectPath [0x77157B74+228]
	RtlGetAppContainerNamedObjectPath [0x77157B44+180]

  sun.reflect.NativeConstructorAccessorImpl.newInstance0(Native Method)
  sun.reflect.NativeConstructorAccessorImpl.newInstance(NativeConstructorAccessorImpl.java:62)
  sun.reflect.DelegatingConstructorAccessorImpl.newInstance(DelegatingConstructorAccessorImpl.java:45)
  java.lang.reflect.Constructor.newInstance(Constructor.java:423)
  org.openqa.selenium.remote.W3CHandshakeResponse.lambda$errorHandler$0(W3CHandshakeResponse.java:62)
  org.openqa.selenium.remote.HandshakeResponse.lambda$getResponseFunction$0(HandshakeResponse.java:30)
  org.openqa.selenium.remote.ProtocolHandshake.lambda$createSession$1(ProtocolHandshake.java:127)
  java.util.stream.ReferencePipeline$3$1.accept(ReferencePipeline.java:193)
  java.util.Spliterators$ArraySpliterator.tryAdvance(Spliterators.java:958)
  java.util.stream.ReferencePipeline.forEachWithCancel(ReferencePipeline.java:126)
  java.util.stream.AbstractPipeline.copyIntoWithCancel(AbstractPipeline.java:499)
  java.util.stream.AbstractPipeline.copyInto(AbstractPipeline.java:486)
  java.util.stream.AbstractPipeline.wrapAndCopyInto(AbstractPipeline.java:472)
  java.util.stream.FindOps$FindOp.evaluateSequential(FindOps.java:152)
  java.util.stream.AbstractPipeline.evaluate(AbstractPipeline.java:234)
  java.util.stream.ReferencePipeline.findFirst(ReferencePipeline.java:464)
  org.openqa.selenium.remote.ProtocolHandshake.createSession(ProtocolHandshake.java:129)
  org.openqa.selenium.remote.ProtocolHandshake.createSession(ProtocolHandshake.java:75)
  org.openqa.selenium.remote.HttpCommandExecutor.execute(HttpCommandExecutor.java:139)
  org.openqa.selenium.remote.service.DriverCommandExecutor.execute(DriverCommandExecutor.java:83)
  org.openqa.selenium.remote.RemoteWebDriver.execute(RemoteWebDriver.java:576)
  org.openqa.selenium.remote.RemoteWebDriver.startSession(RemoteWebDriver.java:210)
  org.openqa.selenium.remote.RemoteWebDriver.<init>(RemoteWebDriver.java:130)
  org.openqa.selenium.chromium.ChromiumDriver.<init>(ChromiumDriver.java:75)
  org.openqa.selenium.chrome.ChromeDriver.<init>(ChromeDriver.java:163)
  org.openqa.selenium.chrome.ChromeDriver.<init>(ChromeDriver.java:150)
  org.openqa.selenium.chrome.ChromeDriver.<init>(ChromeDriver.java:139)
  Configuration.SetUp.beforeTest(SetUp.java:30)
  sun.reflect.NativeMethodAccessorImpl.invoke0(Native Method)
  sun.reflect.NativeMethodAccessorImpl.invoke(NativeMethodAccessorImpl.java:62)
  sun.reflect.DelegatingMethodAccessorImpl.invoke(DelegatingMethodAccessorImpl.java:43)
  java.lang.reflect.Method.invoke(Method.java:498)
  org.testng.internal.MethodInvocationHelper.invokeMethod(MethodInvocationHelper.java:133)
  org.testng.internal.MethodInvocationHelper.invokeMethodConsideringTimeout(MethodInvocationHelper.java:62)
  org.testng.internal.ConfigInvoker.invokeConfigurationMethod(ConfigInvoker.java:340)
  org.testng.internal.ConfigInvoker.invokeConfigurations(ConfigInvoker.java:294)
  org.testng.internal.TestMethodWorker.invokeBeforeClassMethods(TestMethodWorker.java:176)
  org.testng.internal.TestMethodWorker.run(TestMethodWorker.java:122)
  java.util.ArrayList.forEach(ArrayList.java:1257)
  org.testng.TestRunner.privateRun(TestRunner.java:770)
  org.testng.TestRunner.run(TestRunner.java:591)
  org.testng.SuiteRunner.runTest(SuiteRunner.java:402)
  org.testng.SuiteRunner.runSequentially(SuiteRunner.java:396)
  org.testng.SuiteRunner.privateRun(SuiteRunner.java:355)
  org.testng.SuiteRunner.run(SuiteRunner.java:304)
  org.testng.SuiteRunnerWorker.runSuite(SuiteRunnerWorker.java:53)
  org.testng.SuiteRunnerWorker.run(SuiteRunnerWorker.java:96)
  org.testng.TestNG.runSuitesSequentially(TestNG.java:1180)
  org.testng.TestNG.runSuitesLocally(TestNG.java:1102)
  org.testng.TestNG.runSuites(TestNG.java:1032)
  org.testng.TestNG.run(TestNG.java:1000)
  org.apache.maven.surefire.testng.TestNGExecutor.run(TestNGExecutor.java:295)
  org.apache.maven.surefire.testng.TestNGXmlTestSuite.execute(TestNGXmlTestSuite.java:84)
  org.apache.maven.surefire.testng.TestNGProvider.invoke(TestNGProvider.java:90)
  org.apache.maven.surefire.booter.ForkedBooter.invokeProviderInSameClassLoader(ForkedBooter.java:203)
  org.apache.maven.surefire.booter.ForkedBooter.runSuitesInProcess(ForkedBooter.java:155)
  org.apache.maven.surefire.booter.ForkedBooter.main(ForkedBooter.java:103)
]]>
      </failure>

          </testcase>
  
            <testcase name="Login" time="0.0" classname="GenericTest.LoginIRT">
          <skipped />
    </testcase>
  
  
</testsuite>
